<?xml version="1.0" encoding="UTF-8"?>
<!-- Generated by org.testng.reporters.JUnitXMLReporter -->
<testsuite hostname="DESKTOP-OKJ6GLG" ignored="18" name="GmailTest" tests="11" failures="0" timestamp="2020-10-02T10:50:06 IST" time="391.745" errors="0">
  <testcase name="Verifygooglebutton" time="0.375" classname="google_dd_tests.googleTest_01"/>
  <testcase name="VerifyGoogleAllApps" time="13.544" classname="google_dd_tests.googleTest_02"/>
  <testcase name="verifyGoogleAppsTitle" time="176.144" classname="google_dd_tests.googleTest_03"/>
  <testcase name="SignInGoogleApp" time="132.748" classname="google_dd_tests.googleLoginTest_04"/>
  <testcase name="VerifyClickOnLang" time="8.085" classname="google_dd_tests.googleTest_05"/>
  <testcase name="OpenBrowser" time="0.0" classname="google_dd_tests.googleTest_06"/>
  <testcase name="closeBrowser" time="0.001" classname="google_dd_tests.googleTest_06"/>
  <testcase name="Countnameoflink" time="5.827" classname="google_dd_tests.googleTest_07"/>
  <testcase name="VerifyGoogleProductPage" time="14.172" classname="google_dd_tests.googleTest_08"/>
  <testcase name="doLogin" time="30.677" classname="google_dd_tests.googleLoginTest_09"/>
  <testcase name="TotalNumOfemailinbox" time="10.02" classname="google_dd_tests.googleTest_10"/>
  <testcase name="@AfterSuite QuitDriver" time="0.0" classname="google_dd_core.CoreTest">
    <ignored/>
  </testcase> <!-- @AfterSuite QuitDriver -->
  <testcase name="@AfterSuite QuitDriver" time="0.0" classname="google_dd_core.CoreTest">
    <ignored/>
  </testcase> <!-- @AfterSuite QuitDriver -->
  <testcase name="@AfterSuite QuitDriver" time="0.0" classname="google_dd_core.CoreTest">
    <ignored/>
  </testcase> <!-- @AfterSuite QuitDriver -->
  <testcase name="@AfterSuite QuitDriver" time="0.0" classname="google_dd_core.CoreTest">
    <ignored/>
  </testcase> <!-- @AfterSuite QuitDriver -->
  <testcase name="@AfterSuite QuitDriver" time="0.0" classname="google_dd_core.CoreTest">
    <ignored/>
  </testcase> <!-- @AfterSuite QuitDriver -->
  <testcase name="@AfterSuite QuitDriver" time="0.0" classname="google_dd_core.CoreTest">
    <ignored/>
  </testcase> <!-- @AfterSuite QuitDriver -->
  <testcase name="@AfterSuite QuitDriver" time="0.0" classname="google_dd_core.CoreTest">
    <ignored/>
  </testcase> <!-- @AfterSuite QuitDriver -->
  <testcase name="@AfterSuite QuitDriver" time="0.0" classname="google_dd_core.CoreTest">
    <ignored/>
  </testcase> <!-- @AfterSuite QuitDriver -->
  <testcase name="@AfterSuite QuitDriver" time="0.0" classname="google_dd_core.CoreTest">
    <ignored/>
  </testcase> <!-- @AfterSuite QuitDriver -->
  <testcase name="@BeforeSuite init" time="0.0" classname="google_dd_core.CoreTest">
    <ignored/>
  </testcase> <!-- @BeforeSuite init -->
  <testcase name="@BeforeSuite init" time="0.0" classname="google_dd_core.CoreTest">
    <ignored/>
  </testcase> <!-- @BeforeSuite init -->
  <testcase name="@BeforeSuite init" time="0.0" classname="google_dd_core.CoreTest">
    <ignored/>
  </testcase> <!-- @BeforeSuite init -->
  <testcase name="@BeforeSuite init" time="0.0" classname="google_dd_core.CoreTest">
    <ignored/>
  </testcase> <!-- @BeforeSuite init -->
  <testcase name="@BeforeSuite init" time="0.0" classname="google_dd_core.CoreTest">
    <ignored/>
  </testcase> <!-- @BeforeSuite init -->
  <testcase name="@BeforeSuite init" time="0.0" classname="google_dd_core.CoreTest">
    <ignored/>
  </testcase> <!-- @BeforeSuite init -->
  <testcase name="@BeforeSuite init" time="0.0" classname="google_dd_core.CoreTest">
    <ignored/>
  </testcase> <!-- @BeforeSuite init -->
  <testcase name="@BeforeSuite init" time="0.0" classname="google_dd_core.CoreTest">
    <ignored/>
  </testcase> <!-- @BeforeSuite init -->
  <testcase name="@BeforeSuite init" time="0.0" classname="google_dd_core.CoreTest">
    <ignored/>
  </testcase> <!-- @BeforeSuite init -->
</testsuite> <!-- GmailTest -->
