<?xml version="1.0" encoding="UTF-8"?>
<!-- Generated by org.testng.reporters.JUnitXMLReporter -->
<testsuite hostname="DESKTOP-OKJ6GLG" name="GmailTest" tests="11" failures="0" timestamp="2 Oct 2020 02:36:47 GMT" time="330.779" errors="0">
  <testcase name="Verifygooglebutton" time="0.286" classname="google_dd_tests.googleTest_01"/>
  <testcase name="VerifyGoogleAllApps" time="12.796" classname="google_dd_tests.googleTest_02"/>
  <testcase name="verifyGoogleAppsTitle" time="146.525" classname="google_dd_tests.googleTest_03"/>
  <testcase name="SignInGoogleApp" time="104.81" classname="google_dd_tests.googleLoginTest_04"/>
  <testcase name="VerifyClickOnLang" time="7.991" classname="google_dd_tests.googleTest_05"/>
  <testcase name="OpenBrowser" time="0.001" classname="google_dd_tests.googleTest_06"/>
  <testcase name="closeBrowser" time="0.002" classname="google_dd_tests.googleTest_06"/>
  <testcase name="Countnameoflink" time="6.084" classname="google_dd_tests.googleTest_07"/>
  <testcase name="VerifyGoogleProductPage" time="13.403" classname="google_dd_tests.googleTest_08"/>
  <testcase name="doLogin" time="29.015" classname="google_dd_tests.googleLoginTest_09"/>
  <testcase name="TotalNumOfemailinbox" time="9.679" classname="google_dd_tests.googleTest_10"/>
</testsuite> <!-- GmailTest -->
